<?xml version="1.0" encoding="UTF-8"?>
<!-- Generated by org.testng.reporters.JUnitXMLReporter -->
<testsuite hostname="LAPTOP-JEI8AS0O" ignored="0" name="Test" tests="6" failures="1" timestamp="2021-05-22T14:12:14 EDT" time="48.912" errors="0">
  <testcase name="verifyWelcomeMsgOnLoginPage" time="0.202" classname="testcases.TestCase2"/>
  <testcase name="verifyLoginSuccessful" time="3.611" classname="testcases.TestCase2"/>
  <testcase name="verifyLoginSuccessWithUserRemember" time="3.72" classname="testcases.TestCase2"/>
  <testcase name="verifyMenuListDashbaord" time="4.498" classname="testcases.TestCase2"/>
  <testcase name="verifyMenuCountDashboard" time="4.013" classname="testcases.TestCase2">
    <failure type="java.lang.AssertionError" message="expected [11] but found [10]">
      <![CDATA[java.lang.AssertionError: expected [11] but found [10]
at testcases.TestCase2.verifyMenuCountDashboard(TestCase2.java:52)
at java.util.ArrayList.forEach(ArrayList.java:1257)
... Removed 33 stack frames]]>
    </failure>
  </testcase> <!-- verifyMenuCountDashboard -->
  <testcase name="verifySystemInfoList" time="4.003" classname="testcases.SystemInfoPage"/>
</testsuite> <!-- Test -->
